<?xml version="1.0" encoding="UTF-8"?>
<testsuite xmlns:xsi="http://www.w3.org/2001/XMLSchema-instance" xsi:noNamespaceSchemaLocation="https://maven.apache.org/surefire/maven-surefire-plugin/xsd/surefire-test-report-3.0.xsd" version="3.0" name="com.librarymanagement.LibraryTest" time="0.014" tests="2" errors="0" skipped="0" failures="0">
  <properties>
[...]
</properties>
  <testcase name="testAddBook" classname="com.librarymanagement.LibraryTest" time="0.002">
    <system-out><![CDATA[Attempting to initialise Library object.
LibraryTest setUp: Library object created.
]]></system-out>
  </testcase>
  <testcase name="checkAvailability" classname="com.librarymanagement.LibraryTest" time="0.01">
    <system-out><![CDATA[Attempting to initialise Library object.
LibraryTest setUp: Library object created.
1984 by George Orwell
Currently AVAILABLE
AVAILABLE
]]></system-out>
  </testcase>
</testsuite>